79 56 116
73 81 116
49 53 25
78 53 116
88 30 116
69 99 119
54 52 113
18 3 21
12 45 112
83 72 116
34 37 22
57 82 116
1 23 21
80 61 116
60 26 113
3 52 112
65 43 113
82 43 116
74 81 36
3 55 113
100 80 119
59 30 113
76 94 111
80 60 116
97 50 119
41 89 116
23 20 16
74 54 116
36 98 119
17 87 116
48 70 113
76 70 116
4 72 113
97 78 119
56 54 113
51 28 110
38 74 116
70 30 113
67 94 116
44 16 112
73 94 116
18 32 112
81 64 116
77 86 111
71 10 113
21 66 113
100 13 119
82 1 116
93 47 116
5 4 6
80 77 36
37 13 112
5 63 113
32 85 116
57 57 33
67 95 116
3 84 116
85 40 116
32 49 110
100 61 119
100 2 119
82 35 116
47 91 116
78 93 111
7 79 116
71 33 113
76 29 116
92 18 116
96 57 116
5 32 112
74 21 116
90 14 116
79 53 116
77 31 116
40 85 116
33 47 110
24 62 113
15 100 119
100 50 119
1 21 21
64 31 113
43 45 30
95 59 116
73 78 116
4 53 112
72 78 116
47 7 112
54 30 113
91 69 116
17 21 21
82 90 111
69 74 116
20 10 21
24 66 113
79 27 116
70 35 113
90 51 116
94 76 111
79 71 116
10 47 112
92 73 116
37 14 112
45 69 113
38 90 116
86 12 116
17 89 116
34 18 112
35 46 110
23 86 116
65 91 116
63 2 113
56 67 108
35 78 116
22 22 16
26 6 24
83 42 116
77 27 116
11 17 18
7 45 112
54 82 116
24 50 112
72 31 113
94 83 111
70 66 28
79 9 116
9 33 112
84 32 116
67 24 113
14 56 113
14 65 113
98 60 119
6 78 116
49 23 112
73 57 116
23 49 112
14 73 116
92 31 116
63 36 113
73 80 116
78 3 116
6 80 116
7 2 17
8 100 119
10 37 112
51 51 25
39 33 35
39 40 35
62 20 113
21 50 112
76 38 116
41 51 110
75 61 116
32 65 113
97 44 119
28 94 116
55 56 113
24 94 116
94 49 116
82 10 116
77 3 116
2 50 112
51 58 113
11 66 113
74 16 116
37 79 116
68 66 28
16 28 112
21 8 21
96 78 111
23 99 119
17 47 112
65 3 113
55 71 113
3 66 113
47 59 113
82 96 111
36 44 110
33 44 110
56 100 119
86 4 116
50 5 112
1 40 112
95 31 116
39 47 110
14 78 116
99 45 119
44 55 113
93 80 111
73 26 116
84 52 116
35 26 112
29 2 112
55 57 113
86 69 116
29 52 110
93 68 116
12 12 10
51 91 116
77 27 116
56 52 113
26 65 113
4 27 112
47 10 112
19 79 116
8 60 113
98 44 119
40 69 113
86 100 119
100 27 119
70 95 116
45 28 110
27 27 112
22 7 21
74 82 111
6 88 116
33 18 112
38 57 113
68 7 113
62 60 108
52 99 119
90 67 116
100 81 119
77 50 116
91 11 116
20 12 21
41 48 110
4 52 112
19 78 116
83 98 119
33 57 113
84 47 116
70 18 113
24 17 21
54 72 113
100 59 119
35 31 107
97 17 119
55 90 116
10 59 113
3 65 113
80 98 119
59 17 113
14 69 113
90 54 116
13 15 18
19 76 116
22 35 112
36 25 112
32 14 112
98 19 119
91 10 116
58 52 113
28 36 107
60 74 116
63 31 113
80 1 116
89 64 116
79 67 116
61 80 116
33 40 35
74 95 111
31 24 112
91 6 116
57 32 113
51 1 112
65 12 113
67 40 113
77 50 116
78 73 116
55 5 113
82 82 111
32 95 116
55 75 116
82 49 116
99 86 119
32 5 112
86 18 116
91 1 116
40 91 116
24 39 112
36 86 116
4 78 116
36 98 119
90 88 31
99 19 119
16 22 21
32 24 112
37 78 116
39 94 116
10 51 112
54 72 113
13 32 112
76 62 116
55 10 113
59 22 113
1 59 113
94 16 116
22 60 113
49 67 113
50 10 112
48 41 110
89 31 116
20 6 21
41 41 110
34 38 22
94 99 119
87 93 93
37 69 113
100 91 119
79 75 36
46 20 112
86 64 116
37 77 116
67 17 113
20 76 116
46 13 112
15 54 113
86 18 116
70 47 113
71 10 113
48 13 112
57 68 108
5 41 112
36 78 116
74 99 119
35 35 14
89 4 116
77 34 116
19 99 119
59 93 116
37 47 110
81 11 116
54 24 113
79 59 116
77 83 111
90 34 116
53 73 116
15 76 116
5 39 112
81 77 36
46 8 112
87 71 116
84 90 31
94 77 111
57 72 108
66 95 116
100 100 26
8 3 17
96 95 106
14 38 112
96 88 106
77 84 111
54 87 116
27 86 116
70 13 113
57 60 33
47 27 112
95 43 116
84 68 116
23 95 116
81 97 119
3 11 20
91 58 116
64 34 113
75 32 116
46 65 113
79 47 116
27 19 112
55 96 116
33 17 112
16 47 112
46 90 116
46 92 116
51 60 113
43 32 110
48 25 112
72 8 113
41 10 112
13 19 21
57 47 113
56 26 113
38 38 22
22 1 21
13 14 18
6 39 112
70 94 116
28 94 116
73 72 116
94 7 116
100 71 119
28 11 112
45 32 110
2 32 112
94 99 119
88 97 119
100 38 119
44 87 116
35 89 116
77 36 116
75 29 116
54 42 113
37 43 110
18 69 113
61 17 113
27 84 116
52 88 116
61 18 113
79 39 116
7 18 21
82 72 116
78 50 116
54 55 113
54 77 116
4 15 20
23 86 116
99 79 119
16 37 112
63 82 116
86 98 119
79 73 116
17 70 113
99 98 26
30 44 110
44 39 110
44 45 17
45 73 116
18 52 112
23 48 112
51 24 112
48 83 116
15 32 112
63 59 108
4 90 116
53 64 113
44 17 112
28 70 113
37 20 112
22 77 116
57 66 108
29 57 113
43 60 113
37 93 116
6 27 112
93 3 116
96 95 106
92 97 119
52 92 116
67 65 28
2 92 116
16 78 116
43 11 112
40 26 112
62 70 108
30 100 119
67 92 116
55 61 113
43 8 112
71 57 108
15 82 116
57 90 116
83 97 119
30 35 107
97 89 119
44 98 119
56 90 116
83 82 111
98 41 119
47 66 113
12 78 116
9 19 21
82 69 116
95 43 116
92 30 116
26 45 112
73 100 119
20 11 21
29 54 113
1 54 113
18 25 24
65 22 113
23 65 113
68 70 15
87 45 116
12 15 18
60 1 113
56 87 116
25 7 24
11 66 113
62 31 113
87 20 116
16 28 112
59 57 33
59 98 119
73 49 116
96 16 116
32 68 113
2 24 21
66 18 113
64 8 113
84 47 116
19 91 116
33 28 107
7 52 112
3 21 21
8 29 112
13 62 113
34 46 110
88 66 116
58 55 113
33 59 113
2 35 112
21 21 8
59 5 113
23 87 116
72 41 113
87 94 106
94 31 116
11 73 116
45 23 112
87 1 116
35 31 107
81 74 36
3 98 119
99 38 119
73 38 116
38 60 113
55 39 113
28 50 110
34 78 116
100 57 119
88 61 116
6 39 112
28 15 112
4 29 112
89 27 116
53 48 25
75 40 116
64 87 116
6 29 112
33 57 113
63 49 113
11 6 20
19 63 113
47 24 112
43 89 116
4 58 113
81 6 116
20 78 116
55 1 113
54 77 116
42 83 116
12 34 112
78 21 116
54 5 113
70 92 116
60 96 116
58 72 108
7 54 113
47 98 119
1 30 112
94 36 116
87 31 116
74 100 119
31 45 110
38 62 113
93 90 93
32 66 113
71 45 113
64 18 113
93 33 116
33 76 116
15 4 20
17 65 113
27 86 116
42 44 30
53 48 25
45 32 110
7 57 113
48 68 113
87 99 119
97 51 119
46 5 112
74 43 116
5 69 113
62 56 108
67 98 119
11 97 119
68 64 28
53 62 113
8 48 112
79 82 111
65 84 116
80 90 111
96 87 106
48 60 113
1 44 112
2 45 112
39 40 35
32 85 116
69 31 113
85 30 116
11 56 113
89 42 116
72 45 113
50 40 110
86 75 111
62 14 113
15 30 112
16 49 112
68 3 113
16 46 112
68 97 119
61 81 116
43 37 110
31 30 107
5 70 113
72 89 116
95 37 116
47 68 113
61 79 116
48 42 105
52 57 113
44 44 17
92 30 116
40 60 113
6 72 113
59 75 116
10 16 18
23 78 116
59 59 33
25 80 116
44 96 116
11 72 113
94 20 116
54 7 113
83 48 116
45 30 110
24 39 112
29 27 112
72 74 116
85 34 116
54 86 116
65 17 113
16 41 112
47 94 116
89 49 116
75 87 111
81 97 119
15 96 116
15 73 116
76 2 116
76 88 111
52 92 116
14 13 18
74 43 116
66 10 113
3 57 113
5 13 20
30 17 112
63 14 113
87 41 116
98 98 26
22 47 112
93 38 116
13 39 112
29 57 113
87 71 116
20 36 112
70 18 113
70 87 116
4 35 112
10 67 113
77 2 116
70 71 103
17 57 113
10 78 116
78 25 116
53 48 25
18 45 112
72 13 113
64 75 116
100 86 119
80 4 116
46 23 112
50 100 119
29 5 112
21 56 113
96 48 116
21 86 116
68 72 103
34 56 113
64 35 113
73 24 116
33 14 112
42 44 30
74 53 116
89 28 116
84 92 93
17 25 24
93 82 111
47 52 105
27 12 112
9 88 116
47 26 112
69 76 116
46 46 17
66 98 119
72 34 113
8 84 116
65 99 119
28 32 107
68 14 113
11 87 116
22 84 116
29 22 112
96 16 116
54 74 116
97 47 119
22 37 112
29 39 107
32 40 35
27 46 112
19 88 116
57 83 116
32 90 116
42 72 113
48 92 116
93 48 116
31 17 112
93 73 116
8 36 112
43 72 113
14 90 116
80 57 116
15 92 116
12 63 113
47 16 112
97 16 119
41 96 116
7 55 113
42 29 110
89 18 116
6 57 113
36 56 113
29 68 113
61 32 113
40 18 112
13 49 112
24 96 116
77 54 116
98 57 119
27 76 116
73 53 116
42 51 105
92 17 116
84 10 116
77 87 111
19 94 116
52 76 116
28 88 116
64 66 28
49 76 116
96 59 116
38 33 27
71 53 113
86 48 116
37 85 116
81 81 23
49 63 113
84 83 111
34 52 110
9 25 24
21 48 112
65 6 113
61 26 113
96 42 116
98 24 119
58 94 116
90 37 116
85 23 116
50 14 112
2 10 20
17 9 20
64 89 116
17 55 113
91 97 119
91 97 119
78 12 116
95 77 111
51 81 116
91 70 116
49 88 116
28 63 113
9 49 112
76 46 116
76 63 116
60 73 116
2 54 113
32 67 113
85 35 116
87 92 93
85 18 116
24 3 21
67 13 113
86 88 31
40 33 35
88 7 116
4 40 112
62 98 119
83 88 111
82 93 111
35 70 113
39 39 35
91 35 116
100 3 119
63 68 108
82 15 116
47 97 119
75 99 119
19 29 112
28 64 113
23 90 116
20 25 24
66 97 119
44 12 112
11 90 116
96 91 106
44 13 112
15 40 112
39 65 113
8 68 113
95 14 116
31 94 116
49 59 113
3 29 112
45 2 112
41 70 113
62 51 113
95 81 111
62 98 119
13 94 116
49 96 116
88 93 93
19 22 21
28 62 113
82 2 116
6 51 112
74 91 111
97 72 119
98 63 119
71 2 113
50 6 112
6 82 116
84 40 116
21 18 21
76 18 116
36 39 35
60 76 116
51 95 116
8 68 113
55 85 116
93 9 116
72 51 113
60 99 119
49 74 116
5 33 112
41 11 112
82 48 116
51 85 116
67 87 116
42 54 113
35 54 113
2 59 113
79 95 111
47 4 112
44 83 116
83 10 116
13 93 116
64 25 113
50 78 116
70 70 15
37 56 113
100 7 119
3 77 116
83 70 116
13 51 112
54 38 113
45 10 112
27 7 112
91 52 116
88 19 116
66 16 113
60 84 116
78 42 116
72 22 113
8 8 4
90 76 111
2 70 113
91 82 111
91 50 116
96 61 116
70 71 103
48 87 116
16 55 113
75 57 116
60 18 113
67 84 116
71 63 108
42 21 112
7 14 20
52 63 113
41 19 112
44 10 112
99 41 119
69 35 113
27 79 116
94 1 116
75 10 116
15 19 21
85 27 116
15 63 113
84 59 116
78 38 116
66 27 113
84 63 116
45 87 116
99 40 119
14 92 116
86 88 31
71 1 113
84 63 116
87 35 116
3 98 119
6 3 9
12 15 18
32 35 27
58 63 108
20 14 21
56 41 113
82 15 116
49 4 112
21 94 116
98 50 119
66 75 116
50 30 110
83 73 116
73 38 116
81 92 111
81 15 116
36 66 113
87 46 116
25 10 24
4 88 116
96 8 116
75 72 116
44 99 119
87 13 116
66 12 113
18 18 21
47 13 112
66 19 113
28 13 112
17 23 21
36 27 112
52 13 112
92 13 116
82 34 116
94 57 116
60 11 113
17 74 116
9 88 116
45 50 105
84 53 116
69 100 119
70 25 113
92 72 116
61 34 113
40 50 110
50 89 116
60 18 113
78 36 116
43 89 116
39 6 112
14 92 116
32 16 112
62 69 108
64 55 113
69 85 116
26 72 113
47 26 112
46 33 110
37 19 112
73 46 116
77 99 119
58 58 20
5 39 112
61 93 116
93 55 116
95 33 116
8 31 112
